# JRE version: OpenJDK Runtime Environment (8.0_112-b06) (build 1.8.0_112-release-b06)
# Java VM: OpenJDK 64-Bit Server VM (25.112-b06 mixed mode linux-amd64 compressed oops)
Heap:
 PSYoungGen      total 349696K, used 81794K [0x00000000e0000000, 0x0000000100000000, 0x0000000100000000)
  eden space 175104K, 0% used [0x00000000e0000000,0x00000000e0000000,0x00000000eab00000)
  from space 174592K, 46% used [0x00000000f5580000,0x00000000fa560af0,0x0000000100000000)
  to   space 174592K, 0% used [0x00000000eab00000,0x00000000eab00000,0x00000000f5580000)
 ParOldGen       total 1048576K, used 994588K [0x00000000a0000000, 0x00000000e0000000, 0x00000000e0000000)
  object space 1048576K, 94% used [0x00000000a0000000,0x00000000dcb471e0,0x00000000e0000000)
 Metaspace       used 82362K, capacity 85896K, committed 86144K, reserved 1124352K
  class space    used 10153K, capacity 10723K, committed 10880K, reserved 1048576K
GC Heap History (10 events):
Event: 3462.623 GC heap after
Heap after GC invocations=321 (full 31):
 PSYoungGen      total 349696K, used 174567K [0x00000000e0000000, 0x0000000100000000, 0x0000000100000000)
  eden space 175104K, 0% used [0x00000000e0000000,0x00000000e0000000,0x00000000eab00000)
  from space 174592K, 99% used [0x00000000f5580000,0x00000000ffff9fe0,0x0000000100000000)
  to   space 174592K, 0% used [0x00000000eab00000,0x00000000eab00000,0x00000000f5580000)
 ParOldGen       total 1048576K, used 868874K [0x00000000a0000000, 0x00000000e0000000, 0x00000000e0000000)
  object space 1048576K, 82% used [0x00000000a0000000,0x00000000d5082808,0x00000000e0000000)
 Metaspace       used 82359K, capacity 85896K, committed 86144K, reserved 1124352K
  class space    used 10153K, capacity 10723K, committed 10880K, reserved 1048576K
}
Event: 3463.480 GC heap before
{Heap before GC invocations=322 (full 31):
 PSYoungGen      total 349696K, used 349671K [0x00000000e0000000, 0x0000000100000000, 0x0000000100000000)
  eden space 175104K, 100% used [0x00000000e0000000,0x00000000eab00000,0x00000000eab00000)
  from space 174592K, 99% used [0x00000000f5580000,0x00000000ffff9fe0,0x0000000100000000)
  to   space 174592K, 0% used [0x00000000eab00000,0x00000000eab00000,0x00000000f5580000)
 ParOldGen       total 1048576K, used 868874K [0x00000000a0000000, 0x00000000e0000000, 0x00000000e0000000)
  object space 1048576K, 82% used [0x00000000a0000000,0x00000000d5082808,0x00000000e0000000)
 Metaspace       used 82359K, capacity 85896K, committed 86144K, reserved 1124352K
  class space    used 10153K, capacity 10723K, committed 10880K, reserved 1048576K
Event: 3463.681 GC heap after
Heap after GC invocations=322 (full 31):
 PSYoungGen      total 349696K, used 155138K [0x00000000e0000000, 0x0000000100000000, 0x0000000100000000)
  eden space 175104K, 0% used [0x00000000e0000000,0x00000000e0000000,0x00000000eab00000)
  from space 174592K, 88% used [0x00000000eab00000,0x00000000f4280818,0x00000000f5580000)
  to   space 174592K, 0% used [0x00000000f5580000,0x00000000f5580000,0x0000000100000000)
 ParOldGen       total 1048576K, used 895660K [0x00000000a0000000, 0x00000000e0000000, 0x00000000e0000000)
  object space 1048576K, 85% used [0x00000000a0000000,0x00000000d6aab348,0x00000000e0000000)
 Metaspace       used 82359K, capacity 85896K, committed 86144K, reserved 1124352K
  class space    used 10153K, capacity 10723K, committed 10880K, reserved 1048576K
}
Event: 3467.239 GC heap before
{Heap before GC invocations=323 (full 31):
 PSYoungGen      total 349696K, used 330242K [0x00000000e0000000, 0x0000000100000000, 0x0000000100000000)
  eden space 175104K, 100% used [0x00000000e0000000,0x00000000eab00000,0x00000000eab00000)
  from space 174592K, 88% used [0x00000000eab00000,0x00000000f4280818,0x00000000f5580000)
  to   space 174592K, 0% used [0x00000000f5580000,0x00000000f5580000,0x0000000100000000)
 ParOldGen       total 1048576K, used 895660K [0x00000000a0000000, 0x00000000e0000000, 0x00000000e0000000)
  object space 1048576K, 85% used [0x00000000a0000000,0x00000000d6aab348,0x00000000e0000000)
 Metaspace       used 82362K, capacity 85896K, committed 86144K, reserved 1124352K
  class space    used 10153K, capacity 10723K, committed 10880K, reserved 1048576K
Event: 3467.400 GC heap after
Heap after GC invocations=323 (full 31):
 PSYoungGen      total 349696K, used 83974K [0x00000000e0000000, 0x0000000100000000, 0x0000000100000000)
  eden space 175104K, 0% used [0x00000000e0000000,0x00000000e0000000,0x00000000eab00000)
  from space 174592K, 48% used [0x00000000f5580000,0x00000000fa781b88,0x0000000100000000)
  to   space 174592K, 0% used [0x00000000eab00000,0x00000000eab00000,0x00000000f5580000)
 ParOldGen       total 1048576K, used 953904K [0x00000000a0000000, 0x00000000e0000000, 0x00000000e0000000)
  object space 1048576K, 90% used [0x00000000a0000000,0x00000000da38c230,0x00000000e0000000)
 Metaspace       used 82362K, capacity 85896K, committed 86144K, reserved 1124352K
  class space    used 10153K, capacity 10723K, committed 10880K, reserved 1048576K
}
Event: 3467.533 GC heap before
{Heap before GC invocations=324 (full 31):
 PSYoungGen      total 349696K, used 259078K [0x00000000e0000000, 0x0000000100000000, 0x0000000100000000)
  eden space 175104K, 100% used [0x00000000e0000000,0x00000000eab00000,0x00000000eab00000)
  from space 174592K, 48% used [0x00000000f5580000,0x00000000fa781b88,0x0000000100000000)
  to   space 174592K, 0% used [0x00000000eab00000,0x00000000eab00000,0x00000000f5580000)
 ParOldGen       total 1048576K, used 953904K [0x00000000a0000000, 0x00000000e0000000, 0x00000000e0000000)
  object space 1048576K, 90% used [0x00000000a0000000,0x00000000da38c230,0x00000000e0000000)
 Metaspace       used 82362K, capacity 85896K, committed 86144K, reserved 1124352K
  class space    used 10153K, capacity 10723K, committed 10880K, reserved 1048576K
Event: 3467.633 GC heap after
Heap after GC invocations=324 (full 31):
 PSYoungGen      total 349696K, used 94043K [0x00000000e0000000, 0x0000000100000000, 0x0000000100000000)
  eden space 175104K, 0% used [0x00000000e0000000,0x00000000e0000000,0x00000000eab00000)
  from space 174592K, 53% used [0x00000000eab00000,0x00000000f06d6dc8,0x00000000f5580000)
  to   space 174592K, 0% used [0x00000000f5580000,0x00000000f5580000,0x0000000100000000)
 ParOldGen       total 1048576K, used 955284K [0x00000000a0000000, 0x00000000e0000000, 0x00000000e0000000)
  object space 1048576K, 91% used [0x00000000a0000000,0x00000000da4e5240,0x00000000e0000000)
 Metaspace       used 82362K, capacity 85896K, committed 86144K, reserved 1124352K
  class space    used 10153K, capacity 10723K, committed 10880K, reserved 1048576K
}
Event: 3467.839 GC heap before
{Heap before GC invocations=325 (full 31):
 PSYoungGen      total 349696K, used 269147K [0x00000000e0000000, 0x0000000100000000, 0x0000000100000000)
  eden space 175104K, 100% used [0x00000000e0000000,0x00000000eab00000,0x00000000eab00000)
  from space 174592K, 53% used [0x00000000eab00000,0x00000000f06d6dc8,0x00000000f5580000)
  to   space 174592K, 0% used [0x00000000f5580000,0x00000000f5580000,0x0000000100000000)
 ParOldGen       total 1048576K, used 955284K [0x00000000a0000000, 0x00000000e0000000, 0x00000000e0000000)
  object space 1048576K, 91% used [0x00000000a0000000,0x00000000da4e5240,0x00000000e0000000)
 Metaspace       used 82362K, capacity 85896K, committed 86144K, reserved 1124352K
  class space    used 10153K, capacity 10723K, committed 10880K, reserved 1048576K
Event: 3467.992 GC heap after
Heap after GC invocations=325 (full 31):
 PSYoungGen      total 349696K, used 81794K [0x00000000e0000000, 0x0000000100000000, 0x0000000100000000)
  eden space 175104K, 0% used [0x00000000e0000000,0x00000000e0000000,0x00000000eab00000)
  from space 174592K, 46% used [0x00000000f5580000,0x00000000fa560af0,0x0000000100000000)
  to   space 174592K, 0% used [0x00000000eab00000,0x00000000eab00000,0x00000000f5580000)
 ParOldGen       total 1048576K, used 994588K [0x00000000a0000000, 0x00000000e0000000, 0x00000000e0000000)
  object space 1048576K, 94% used [0x00000000a0000000,0x00000000dcb471e0,0x00000000e0000000)
 Metaspace       used 82362K, capacity 85896K, committed 86144K, reserved 1124352K
  class space    used 10153K, capacity 10723K, committed 10880K, reserved 1048576K
}
Event: 3467.992 GC heap before
{Heap before GC invocations=326 (full 32):
 PSYoungGen      total 349696K, used 81794K [0x00000000e0000000, 0x0000000100000000, 0x0000000100000000)
  eden space 175104K, 0% used [0x00000000e0000000,0x00000000e0000000,0x00000000eab00000)
  from space 174592K, 46% used [0x00000000f5580000,0x00000000fa560af0,0x0000000100000000)
  to   space 174592K, 0% used [0x00000000eab00000,0x00000000eab00000,0x00000000f5580000)
 ParOldGen       total 1048576K, used 994588K [0x00000000a0000000, 0x00000000e0000000, 0x00000000e0000000)
  object space 1048576K, 94% used [0x00000000a0000000,0x00000000dcb471e0,0x00000000e0000000)
 Metaspace       used 82362K, capacity 85896K, committed 86144K, reserved 1124352K
  class space    used 10153K, capacity 10723K, committed 10880K, reserved 1048576K

